<?xml version="1.0" encoding="UTF-8"?>
<testsuite name="com.pragma.powerup.domain.model.UserModelTest" tests="1" skipped="0" failures="0" errors="0" timestamp="2025-04-30T05:08:58.706Z" hostname="LAPTOP-AQLHI8OD" time="0.002">
  <properties/>
  <testcase name="modelGetterAndSetterTest()" classname="com.pragma.powerup.domain.model.UserModelTest" time="0.002"/>
  <system-out><![CDATA[]]></system-out>
  <system-err><![CDATA[]]></system-err>
</testsuite>
