<?xml version="1.0" encoding="UTF-8"?>
<testsuite name="com.pragma.powerup.infrastructure.out.jpa.entity.RestaurantEntityTest" tests="2" skipped="0" failures="0" errors="0" timestamp="2025-04-30T05:08:58.927Z" hostname="LAPTOP-AQLHI8OD" time="0.008">
  <properties/>
  <testcase name="entityConstructorTest()" classname="com.pragma.powerup.infrastructure.out.jpa.entity.RestaurantEntityTest" time="0.004"/>
  <testcase name="entityGetterAndSetterTest()" classname="com.pragma.powerup.infrastructure.out.jpa.entity.RestaurantEntityTest" time="0.002"/>
  <system-out><![CDATA[]]></system-out>
  <system-err><![CDATA[]]></system-err>
</testsuite>
