<?xml version="1.0" encoding="UTF-8"?>
<testsuite name="com.pragma.powerup.domain.usecase.RestaurantUseCaseTest" tests="2" skipped="0" failures="0" errors="0" timestamp="2025-04-30T05:08:58.711Z" hostname="LAPTOP-AQLHI8OD" time="0.131">
  <properties/>
  <testcase name="saveRestaurant_shouldReturnPartialContentWhenUserIsNotPropietario()" classname="com.pragma.powerup.domain.usecase.RestaurantUseCaseTest" time="0.126"/>
  <testcase name="saveRestaurant_shouldReturnOkWhenUserIsPropietario()" classname="com.pragma.powerup.domain.usecase.RestaurantUseCaseTest" time="0.003"/>
  <system-out><![CDATA[]]></system-out>
  <system-err><![CDATA[]]></system-err>
</testsuite>
